[   .00000 Lnux versio4.5.0-54-generic (buildd@lgw01-amd64-014) (gcc version 7.4.0 (Ubuntu 7.4.0-1ubuntu1~18.04.1)) #58-Ubuntu SMP Mon Jun 24 10:55:24 UTC 2019 (Ubuntu 4.15.0-54.58-generic 4.15.18)
[    0.000000] Command line: BOOT_IMAGE=/boot/vmlinuz-4.15.0-54-generic root=LABEL=cloudimg-rootfs ro console=tty1 console=ttyS0
[    0.00000] KERNEL supported cpus:
[    0.000000]   Intel GenuineIntel
[    0.000000]   AMD AuthetiAMD
[    0.000000]   Centaur CentaurHauls
[    0.000000] x86/fpu: Supporting XSAVE feature 0x001'x87 floating point registers'
[    0.000000] x86/fpu: Supporting XSAVE feature 0x002: 'SSE registers'
[    0.000000] x86/fpu: Supporting XSAVE feature 0x004: 'AVX registers'
[    0.000000] x86/fpu: xstate_offset[2]:  576, xstate_sizes[2]:  256
[    0.000000] x86/fpu: Enabled xstate feature0x7, conex sze is 832 yts,using stndard' format.
[    0.000000] e820: BIOS-provided physial RAM map:
[    0.000000] BIOS-e820: [mem 0x0000000000000000-0x000000000009fbff] usable
[    0.000000] BIOS-e820: [mem 0x000000000009fc00-0x000000000009ffff] reserved
[    0.000000] BIOS-e820: [mem 0x00000000000f0000-0x00000000000fffff] reserved
[    00000] BIOS-e0:[mem 0x0000000001000000x000000ffeffff] usable[   0.0000 BIOS-e820: [em0x000000003fff00000x000000003fffffff]ACPI data
[    0.00000]BIS-e820: [mem 0x00000000fec00000-0x00000000fec00fff] reserved
[    0.000000] BIOS-e820: [mem 0x00000000fee00000-0x00000000fee00fff] reserved
[    0.000000] BIOS-e820: [mem 0x00000000fffc0000-0x00000000ffffffff] reserved
[    0.000000] NX (Execute Disable) protection: active
[    0.000000] SMBIOS 2.5 present.
[    0.000000] DMI: innotek GmbH VirtualBox/VirtualBox, BIOS VirtualBox 12/01/2006
[    0.000000] Hypervisor detected: KVM
[    0.000000] e820: last_pfn = 0x3fff0 max_arch_pfn = 0x400000000
[    0.000000] MTRR: Disabled
[    0.000000] x86/PAT: MTRRs disabled, skipping PAT initialization too.
[    0.000000] CPU MTRRs all blank - virtualized system.
[    0.000000] x86/PAT: Configuration [0-7]: WB  WT  UC- UC  WB  WT  UC- UC  
[    0.000000] found SMP MP-table at [mem 0x0009fff0-0x0009ffff] mapped at [        (ptrval)]
[    0.000000] Scanning 1 areas for low memory corruption
[    0.000000] RAMDISK: [mem 0x3597d000-0x36cb5fff]
[    0.000000] ACPI: Early table checksum verification disabled
[    0.000000] ACPI: RSDP 0x00000000000E0000 000024 (v02 VBOX  )[    0.000000] ACPI: XSDT 0x000000003FFF0030 00003C (v01 VBOX   VBOXXSDT 00000001 ASL  00000061)
[    0.000000] ACPI: FACP 0x000000003FFF00F0 0000F4 (v04 VBOX   VBOXFACP 00000001 ASL  00000061)
[    0.000000] ACPI: DSDT 0x000000003FFF0470 0021FF (v02 VBOX   VBOXBIOS 00000002 INTL 20100528)
[    0.000000] ACPI: FACS 0x000000003FFF0200 000040
[    0.000000] ACPI: FACS 0x000000003FFF0200 000040
[    0.000000] ACPI: APIC 0x000000003FFF0240 00005C (v02 VBOX   VBOXAPIC 00000001 ASL  00000061)
[    0.000000] ACPI: SSDT 0x000000003FFF02A0 0001CC (v01 VBOX   VBOXCPUT 00000002 INTL 20100528)
[    0.000000] No NUMAconfigraion foud
[    0.0000 FFaking aod at [mem0x000000000000-0x000000003feffff]
[   0.000000] NODE_DATA(0) allocated [mem 0x3ffc5000-0x3ffeffff]
[    0.000000] kvm-clock: cpu 0, msr 0:3ff4401 pimary cpu clock
[    0.000000] kvm-clock: Using msrs 4b564d01 and 4b564d00
[    0.000000] kvm-clock: using sched offset of 4269351351 cycles
[    0.000000] clocksource: kvm-clock: msk 0xfffffffffffff maxcyles: 0x1cd42e4dffb, ma_idl_n: 815905914 n
[    0.000000] on rnges:
[    0.000000]   DMA      [mem 0x0000000000001000-0x0000000000ffffff]
[    0.000000]   DMA32    [mem 0x0000000001000000-0x000000003ffeffff]
[    0.000000]   Normal   empty
[    0.000000]   Device   empty
[    0.000000] Movable zone start for each node
[    0.000000] Early memory node ranges
[    0.000000]   node   0: [mem 0x0000000000001000-0x000000000009efff]
[    0.000000]   node   0: [mem 0x0000000000100000-0x000000003ffeffff]
[    0.000000] Reserved bu unavailale 114 pge
    0.000000] Initm setup node 0 [mem 0x0000000000001000-0x000000003ffeffff]
[    0.000000] ACPI: PM-Timer IO Port: 0x4008
[    0.000000] IOAPIC[0]: apic_id 2, version 32, address 0xfec00000, GSI 0-23
[    0.000000] ACPI: INT_SRC_OVR (bus 0 bus_irq 0 global_irq 2 dfl dfl)
[    0.000000] ACPI: INT_SRC_OVR (bus 0 bus_irq 9 global_irq 9 low level)
[    0.000000] Using ACPI (MADT) for SMP configuration information
[    0.000000] smpboot: Allowing 2 CPUs, 0 hotplug CPUs
[    0.000000] PM: Registered nosave memory: [mem 0x00000000-0x00000fff]
[    0.000000] PM: Registered nosave memory: [mem 0x0009f000-0x0009ffff]
[    0.000000] PM: Registered nosave memory: [mem 0x000a0000-0x000effff]
[    0.000000] PM: Registered nosave memory: [mem 0x000f0000-0x000fffff]
[    0.000000] e820: [mem 0x40000000-0xfebfffff] available for PCI devices
[    0.000000] Booting paravirtualized kernel on KVM
[    0.000000] clocksource: refined-jiffies: mask: 0xffffffff max_cycles: 0xffffffff, max_idle_ns: 7645519600211568 ns
[    0.000000] random: get_random_bytes called from start_kernel+0x99/0x4fd with crng_init=0
[    0.000000] setup_percpu: NR_CPUS:812 nr_cpumask_bits:2 nr_cpu_ids n_node_ids:1
[    0.000000] percpu: Embedded 46 pages/cpu @        (ptrval) s151552 r8192 d28672 u1048576
[    0.000000] PV qspinlock hash table entries: 256 rder: 0, 4096 bytes)
[    0.000000] Built 1 zonelists, mobility grouping on.  Total pages: 257913
[    0.000000] Policy zone: DMA3
[   .000000] Kernel command line: BOOT_IMAGE=/boot/vmlinuz-4.15.0-54-generic root=LABEL=cloudimg-rootfs rconsole=tty1 console=ttyS0
[    0.000000] Memory: 982900K/1048120K available (12300K kernel code, 2473K rwdata, 4272K rodata, 2408K init,2416K bss, 65220K rerved, 0K cmaesrved)
[    00000] SB:HWalign=64, Oer=0-3, MinObjects= CPUs=2, Nos=1
[    0.000000] Kernel/User page tale isolation: enable
[    0.00000 ftrac: alocting 39216 entries in15 pges
[  0004000] Hierarchil RCU implementation.
[    0.004000] 	RCU restricting CPUs from NR_CPUS=8192 to nr_cpu_ids=2.
[    0.004000] 	Tasks RCU enabled.
[    0.004000] RCU: Adjusting geometry for rcu_fanout_leaf=16, nr_cpu_ids=2
[    0.004000] NR_IRQS: 524544, nr_irqs: 440, preallocated irqs: 16
[    0.004000] Console: colour VGA+ 80x25
[    0.004000] console [tty1] enabled
[    0.04000] console [ttyS0] enabled
[    0.004000] ACPI: Core revision 20170831
[    0.004000] ACPI: 2 ACPI AML tables successfully acquired and loaded
[    0.004000] APIC: Switch to symmetric I/O mode setup
[    0.004000] x2apic enabled
[    0.004010] Switched APIC routing to physical x2apic.
[    0.010460] ..TIMER: vector=0x30 apic1=0 pin1=2 apic2=-1 pin2=-1
[    0.012004] tsc: Detected 1608.000 MHz processor
[    0.016096] Calibrating delay loop (skipped) preset value.. 3216.00 BogoMIPS (lpj=6432000)
[    0.020004] pid_max: default: 32768 minimum: 301
[    0.024048] Security Framework initialized
[    0.028009] Yama: becoming mindful.
[    0.032073] AppArmor: AppArmor initialized
[    0.040059] Dentry cache hash table entries: 131072 (order: 8, 1048576 bytes)
[    0.044095] Inode-cache hash table entries: 65536 (order: 7, 524288 bytes)
[    0.048017] Mount-cache hash table entries: 2048 (order: 2, 16384 bytes)
[    0.050140] Mountpoint-cache hash table entries: 2048 (order: 2, 16384 bytes)
[    0.052237] mce: CPU supports 0 MCE banks
[    0.056018] Last level iTLB entries: 4KB 64, 2MB 8, 4MB 8
[    0.060009] Last level dTLB entries: 4KB 64, 2MB 0, 4MB 0, 1GB 4
[    0.064009] Spectre V2 : Mitigation: Full generic retpoline
[    0.068007] Spectre V2 : Spectre v2 / SpectreRSB mitigation: Filling RSB on context switch
[    0.072003] Speculative Store Bypass: Vulnerable
[    0.076056] MDS: Vulnerable: Clear CPU buffers attempted, no microcode
[    0.080096] Freeing SMP alternatives memory: 36K
[    0.084000] smpboot: CPU0: Intel(R) Core(TM) i5-8210Y CPU @ 1.60GHz (family: 0x6, model: 0x8e, stepping: 0x9)
[    0.084082] Performance Events: unsupported p6 CPU model 142 no PMU driver, software events only.
[    0.088036] Hierarchical SRCU implementation.
[    0.092565] NMI watchdog: Perf event create on CPU 0 failed with -2
[    0.094355] NMI watchdog: Perf NMI watchdog permanently disabled
[    0.096046] smp: Bringing up secondary CPUs ...
[    0.097344] x86: Booting SMP configuration:
[    0.100003] .... node  #0, CPUs:      #1
[    0.004000] kvm-clock: cpu 1, msr 0:3ff44041, secondary cpu clock
[    0.004000] mce: CPU supports 0 MCE banks
[    0.104020] smp: Brought up 1 node, 2 CPUs
[    0.108004] smpboot: Max logical packages: 1
[    0.112005] smpboot: Total of 2 processors activated (6432.00 BogoMIPS)
[    0.116165] devtmpfs: initialized
[    0.120060] x86/mm: Memory block size: 128MB
[    0.124153] evm: security.selinux
[    0.128003] evm: security.SMACK64
[    0.132005] evm: security.SMACK64EXEC
[    0.136005] evm: security.SMACK64TRANSMUTE
[    0.140004] evm: security.SMACK64MMAP
[    0.144003] evm: security.apparmor
[    0.145139] evm: security.ima
[    0.148002] evm: security.capability
[    0.152099] clocksource: jiffies: mask: 0xffffffff max_cycles: 0xffffffff, max_idle_ns: 7645041785100000 ns
[    0.156013] futex hash table entries: 512 (order: 3, 32768 bytes)
[    0.164042] pinctrl core: initialized pinctrl subsystem
[    0.167332] RTC time: 10:54:42, date: 07/11/19
[    0.168224] NET: Registered protocol family 16
[    0.172080] audit: initializing netlink subsys (disabled)
[    0.176042] audit: type=2000 audit(1562842484.089:1): state=initialized audit_enabled=0 res=1
[    0.304011] cpuidle: using governor ladder
[    0.308017] cpuidle: using governor menu
[    0.312059] ACPI: bus type PCI registered
[    0.316004] acpiphp: ACPI Hot Plug PCI Controller Driver version: 0.5
[    0.320151] PCI: Using configuration type 1 for base access
[    0.324863] HugeTLB registered 2.00 MiB page size, pre-allocated 0 pages
[    0.328131] ACPI: Added _OSI(Module Device)
[    0.329371] ACPI: Added _OSI(Processor Device)
[    0.332011] ACPI: Added _OSI(3.0 _SCP Extensions)
[    0.333287] ACPI: Added _OSI(Processor Aggregator Device)
[    0.334638] ACPI: Added _OSI(Linux-Dell-Video)
[    0.336004] ACPI: Added _OSI(Linux-Lenovo-NV-HDMI-Audio)
[    0.337444] ACPI: Added _OSI(Linux-HPI-Hybrid-Graphics)
[    0.339409] ACPI: Executed 1 blocks of module-level executable AML code
[    0.345244] ACPI: Interpreter enabled
[    0.346314] ACPI: (supports S0 S5)
[    0.347204] ACPI: Using IOAPIC for interrupt routing
[    0.348252] PCI: Using host bridge windows from ACPI; if necessary, use "pci=nocrs" and report a bug
[    0.352439] ACPI: Enabled 2 GPEs in block 00 to 07
[    0.366450] ACPI: PCI Root Bridge [PCI0] (domain 0000 [bus 00-ff])
[    0.368050] acpi PNP0A03:00: _OSC: OS supports [ASPM ClockPM Segments MSI]
[    0.372035] acpi PNP0A03:00: _OSC: not requesting OS control; OS requires [ExtendedConfig ASPM ClockPM MSI]
[    0.376023] acpi PNP0A03:00: fail to add MMCONFIG information, can't access extended PCI configuration space under this bridge.
[    0.380896] PCI host bridge to bus 0000:00
[    0.384006] pci_bus 0000:00: root bus resource [io  0x0000-0x0cf7 window]
[    0.388005] pci_bus 0000:00: root bus resource [io  0x0d00-0xffff window]
[    0.392006] pci_bus 0000:00: root bus resource [mem 0x000a0000-0x000bffff window]
[    0.396005] pci_bus 0000:00: root bus resource [mem 0x40000000-0xfdffffff window]
[    0.400006] pci_bus 0000:00: root bus resource [bus 00-ff]
[    0.409917] pci 0000:00:01.1: legacy IDE quirk: reg 0x10: [io  0x01f0-0x01f7]
[    0.412010] pci 0000:00:01.1: legacy IDE quirk: reg 0x14: [io  0x03f6]
[    0.416010] pci 0000:00:01.1: legacy IDE quirk: reg 0x18: [io  0x0170-0x0177]
[    0.420004] pci 0000:00:01.1: legacy IDE quirk: reg 0x1c: [io  0x0376]
[    0.443692] pci 0000:00:07.0: quirk: [io  0x4000-0x403f] claimed by PIIX4 ACPI
[    0.444025] pci 0000:00:07.0: quirk: [io  0x4100-0x410f] claimed by PIIX4 SMB
[    0.459581] ACPI: PCI Interrupt Link [LNKA] (IRQs 5 9 10 *11)
[    0.460367] ACPI: PCI Interrupt Link [LNKB] (IRQs 5 9 *10 11)
[    0.464167] ACPI: PCI Interrupt Link [LNKC] (IRQs 5 *9 10 11)
[    0.468165] ACPI: PCI Interrupt Link [LNKD] (IRQs 5 9 10 *11)
[    0.472426] SCSI subsystem initialized
[    0.476101] pci 0000:00:02.0: vgaarb: setting as boot VGA device
[    0.480000] pci 0000:00:02.0: vgaarb: VGA device added: decodes=io+mem,owns=io+mem,locks=none
[    0.480006] pci 0000:00:02.0: vgaarb: bridge control possible
[    0.484003] vgaarb: loaded
[    0.488033] ACPI: bus type USB registered
[    0.492024] usbcore: registered new interface driver usbfs
[    0.496015] usbcore: registered new interface driver hub
[    0.500029] usbcore: registered new device driver usb
[    0.504063] EDAC MC: Ver: 3.0.0
[    0.512106] PCI: Using ACPI for IRQ routing
[    0.520415] NetLabel: Initializing
[    0.521561] NetLabel:  domain hash size = 128
[    0.524002] NetLabel:  protocols = UNLABELED CIPSOv4 CALIPSO
[    0.528024] NetLabel:  unlabeled traffic allowed by default
[    0.532095] clocksource: Switched to clocksource kvm-clock
[    0.5565] S:is qotas dqut_.60[   .8004]VF: quotcahehash table enies: 512 (order 0, 4096 bytes)
[    1.151868] AppArmor: AppArmor Filesystem Enabled
[    1.154437] pnp: PnP ACPI init
[    1.159116] pnp: PnP ACPI: found 3 devices

[    1.184584] clocksource: acpi_pm: mask: 0xffffff max_cycles: 0xffff, max_ide_: 2085701024 ns
[    1.327194] NET: Registered protocol family 2

[    1.330735] TCP established hash table entries: 92 (orr: 4, 53 bte)[   .5320]TCP bndhah abe ntie: 81 (orer: 5 11072byes
     27598 TCP Hsh tables configured (established 8192 bind 8192)

[    2.236272] UDP hash table entries: 512 (order: 2, 16384 bytes)
[    2.238031] UDP-Lite hash table entries: 512 (order: 2, 16384 bytes)
[    2.241097] NETRegistered proocl amly 1
[   .43364] pci00:0:00.0: Limiting direct PCI/PCI transfers
[    2.590023] pci 0000:00:01.0: Activating ISA DMA hang workarounds
[    2.591700] pci 0000:00:02.0: Video device with shadowed ROM at [mem 0x000c0000-0x000dffff]
[    25935] npckin iitams..
[    3.133593] Freeing initrd memory: 19684K
[    3.145998] clocksource: tsc: mask: 0xffffffffffffffff max_cycles: 0x172daa3a18b, max_idle_ns: 440795212390 ns
[    3.148741] platform rtc_cmos: registered platform RTC device (no PNP device found)
[    3.150802] Scanning for low memory corruption every 60 seconds
[    3.157845] Initialise system trusted keyrings
[    3.199756] Key type blacklist registered
[    3.207106] workingset: timestamp_bits=36 max_order=18 bucket_order=0
[    3.267460] zbud: loaded
[    3.274506] squashfs: version 4.0 (2009/01/31) Phillip Lougher
[    3.306052] fuse init (API version 7.26)
[    3.322382] Key type asymmetric registered
[    3.323475] Asymmetric key parser 'x509' registered
[    3.324804] Block layer SCSI generic (bsg) driver version 0.4 loaded (major 246)
[    3.328208] io scheduler noop registered
[    3.335029] io scheduler deadline registered
[    3.341007] io scheduler cfq registered (default)
[    3.343118] ACPI: AC Adapter [AC] (off-line)
[    3.350354] input: Power Button as /devices/LNXSYSTM:00/LNXPWRBN:00/input/input0
[    3.353010] ACPI: Power Button [PWRF]
[    3.354448] input: Sleep Button as /devices/LNXSYSTM:00/LNXSLPBN:00/input/input1
[    3.356810] ACPI: Sleep Button [SLPF]
[    3.359612] ACPI: Battery Slot [BAT0] (battery present)
[    3.361313] Serial: 8250/16550 driver, 32 ports, IRQ sharing enabled
[    3.389484] 00:02: ttyS0 at I/O 0x3f8 (irq = 4, base_baud = 115200) is a 16550A
[    3.403091] Linux agpgart interface v0.103
[    3.410484] loop: module loaded
[    3.413389] scsi host0: ata_piix
[    3.421882] scsi host1: ata_piix
[    3.425667] ata1: PATA max UDMA/33 cmd 0x1f0 ctl 0x3f6 bmdma 0xd000 irq 14
[    3.458862] ata2: PATA max UDMA/33 cmd 0x170 ctl 0x376 bmdma 0xd008 irq 15
[    3.475524] libphy: Fixed MDIO Bus: probed
[    3.498011] tun: Universal TUN/TAP device driver, 1.6
[    3.507406] PPP generic driver version 2.4.2
[    3.523857] ehci_hcd: USB 2.0 'Enhanced' Host Controller (EHCI) Driver
[    3.531517] ehci-pci: EHCI PCI platform driver
[    3.555671] ehci-platform: EHCI generic platform driver
[    3.570991] ohci_hcd: USB 1.1 'Open' Host Controller (OHCI) Driver
[    3.589983] ohci-pci: OHCI PCI platform driver
[    3.591481] ohci-platform: OHCI generic platform driver
[    3.611227] uhci_hcd: USB Universal Host Controller Interface driver
[    3.642161] i8042: PNP: PS/2 Controller [PNP0303:PS2K,PNP0f03:PS2M] at 0x60,0x64 irq 1,12
[    6564seri: 802 KBD port at 600x4 irq 1

[    39531] rio: i8042 AU port at 0x60,0x64 irq 12
[    4.154336] mousedev: PS/2 mouse device common for all mice
[    4.161631] input: AT Translated Set 2 keyboard as /devices/platform/i8042/serio0/input/input2
[    4.164353] rtc_cmos rtc_cmos: rtc core: registered rtc_cmos as rtc0
[    4.164416] rtc_cmos rtc_cmos: alarms up to one day, 114 bytes nvram
[    4.164427] i2c /dev entries driver
[    4.164485] device-mapper: uevent: version 1.0.3
[    4.164535] device-mapper: ioctl: 4.37.0-ioctl (2017-09-20) initialised: dm-devel@redhat.com
[    4.323419] ledtrig-cpu: registered to indicate activity on CPUs
[    4.373626] NET: Registered protocol family 10
[    4.391389] Segment Routing with IPv6
[    4.435634] NET: Registered protocol family 17
[    4.452598] Key type dns_resolver registered
[    4.464608] RAS: Correctable Errors collector initialized.
[    4.466184] sched_clock: Marking stable (4464504162, 0)->(9088109853, -4623605691)
[    4.468702] registered taskstats version 1
[    4.469781] Loading compiled-in X.509 certificates
[    4.474380] Loaded X.509 cert 'Build time autogenerated kernel key: 1cc14bc8298a06d551159822c55fa35abd77a621'
[    4.480619] zswap: loaded using pool lzo/zbud
[    4.491789] Key type big_key registered
[    4.499314] Key type trusted registered
[    4.506295] Key type encrypted registered
[    4.513460] AppArmor: AppArmor sha1 policy hashing enabled
[    4.516104] ima: No TPM chip found, activating TPM-bypass! (rc=-19)
[    4.519514] ima: Allocated hash algorithm: sha1
[    4.521800] evm: HMAC attrs: 0x1
[    4.524554]   Magic number: 11:781:931
[    4.527919] rtc_cmos rtc_cmos: setting system clock to 2019-07-11 10:54:47 UTC (1562842487)
[    4.533342] BIOS EDD facility v0.16 2004-Jun-25, 0 devices found
[    4.538603] EDD information not available.
[    4.544778] Freeing unused kernel image memory: 2408K
[    4.620604] Write protecting the kernel read-only data: 20480k
[    4.663479] Freeing unused kernel image memory: 2008K
[    4.705680] Freeing unused kernel image memory: 1872K
[    4.712933] x86/mm: Checked W+X mappings: passed, no W+X pages found.
[    4.861891] x86/mm: Checking user space page tables
[    4.867931] x86/mm: Checked W+X mappings: passed, no W+X pages found.
Loading, please wait...
starting version 237
[    5.074393] Fusion MPT base driver 3.04.20
[    5.075862] Copyright (c) 1999-2008 LSI Corporation
[    5.089924] e1000: Intel(R) PRO/1000 Network Driver - version 7.3.21-k8-NAPI
[    5.091778] e1000: Copyright (c) 1999-2006 Intel Corporation.
[    5.099141] AVX2 version of gcm_enc/dec engaged.
[    5.100817] AES CTR mode by8 optimization enabled
[    5.106634] Fusion MPT SPI Host driver 3.04.20
[    5.122109] vboxvideo: loading out-of-tree module taints kernel.
[    5.123918] vboxvideo: module verification failed: signature and/or required key missing - tainting kernel
[    5.300873] input: ImExPS/2 Generic Explorer Mouse as /devices/platform/i8042/serio1/input/input4
[    5.519293] e1000 0000:00:03.0 eth0: (PCI:33MHz:32-bit) 02:26:45:5c:bc:af
[    5.570453] e1000 0000:00:03.0 eth0: Intel(R) PRO/1000 Network Connection
[    5.986698] e1000 0000:00:08.0 eth1: (PCI:33MHz:32-bit) 08:00:27:40:65:d3
[    6.065314] e1000 0000:00:08.0 eth1: Intel(R) PRO/1000 Network Connection
[    6.068897] e1000 0000:00:03.0 enp0s3: renamed from eth0
[    6.083757] mptbase: ioc0: Initiating bringup
[    6.101332] e1000 0000:00:08.0 enp0s8: renamed from eth1
[    6.233718] ioc0: LSI53C1030 A0: Capabilities={Initiator}
[    8.057494] scsi host2: ioc0: LSI53C1030 A0, FwRev=00000000h, Ports=1, MaxQ=256, IRQ=20
[   10.096751] [drm] VRAM 01000000
[   10.106614] scsi 2:0:0:0: Direct-Access     VBOX     HARDDISK         1.0  PQ: 0 ANSI: 5
[   10.163451] [TTM] Zone  kernel: Available graphics memory: 504454 kiB
[   10.220514] [TTM] Initializing pool allocator
[   10.229075] [TTM] Initializing DMA pool allocator
[   10.231777] fbcon: vboxdrmfb (fb0) is primary device
[   10.233415] Console: switching to colour frame buffer device 100x37
[   10.295370] vboxvideo 0000:00:02.0: fb0: vboxdrmfb frame buffer device
[   10.312742] scsi target2:0:0: Beginning Domain Validation
[   10.404069] [drm] Initialized vboxvideo 1.0.0 20130823 for 0000:00:02.0 on minor 0
[   10.436969] scsi target2:0:0: Domain Validation skipping write tests
[   10.531726] scsi target2:0:0: Ending Domain Validation
[   10.567086] scsi target2:0:0: asynchronous
[   10.626355] scsi 2:0:1:0: Direct-Access     VBOX     HARDDISK         1.0  PQ: 0 ANSI: 5
[   10.796208] scsi target2:0:1: Beginning Domain Validation
[   10.814528] random: fast init done
[   10.857766] scsi target2:0:1: Domain Validation skipping write tests
[   10.859142] scsi target2:0:1: Ending Domain Validation
[   10.860571] scsi target2:0:1: asynchronous
[   10.878908] random: systemd-udevd: uninitialized urandom read (16 bytes read)
[   10.880715] random: systemd-udevd: uninitialized urandom read (16 bytes read)
[   10.880733] sd 2:0:0:0: Attached scsi generic sg0 type 0
[   10.883727] random: systemd-udevd: uninitialized urandom read (16 bytes read)
[   10.885571] sd 2:0:0:0: [sda] 20971520 512-byte logical blocks: (10.7 GB/10.0 GiB)
[   10.886217] sd 2:0:1:0: [sdb] 20480 512-byte logical blocks: (10.5 MB/10.0 MiB)
[   10.887276] sd 2:0:1:0: [sdb] Write Protect is off
[   10.887398] sd 2:0:1:0: [sdb] Incomplete mode parameter data
[   10.887399] sd 2:0:1:0: [sdb] Assuming drive cache: write through
[   10.890632] sd 2:0:1:0: [sdb] Attached SCSI disk
[   10.897490] sd 2:0:1:0: Attached scsi generic sg1 type 0
[   11.114794] sd 2:0:0:0: [sda] Write Protect is off
[   11.116977] sd 2:0:0:0: [sda] Incomplete mode parameter data
[   11.118908] sd 2:0:0:0: [sda] Assuming drive cache: write through
[   11.123774]  sda: sda1
[   11.126515] sd 2:0:0:0: [sda] Attached SCSI disk
Begin: Loading essential drivers ... [   11.328325] raid6: sse2x1   gen() 10308 MB/s
[   11.388576] raid6: sse2x1   xor()  7501 MB/s
[   11.456357] raid6: sse2x2   gen() 14550 MB/s
[   11.512208] raid6: sse2x2   xor()  9942 MB/s
[   11.600266] raid6: sse2x4   gen() 17220 MB/s
[   11.668560] raid6: sse2x4   xor() 10966 MB/s
[   11.728295] raid6: avx2x1   gen() 24321 MB/s
[   11.796273] raid6: avx2x1   xor() 16760 MB/s
[   11.876254] raid6: avx2x2   gen() 29966 MB/s
[   11.924091] raid6: avx2x2   xor() 18527 MB/s
[   11.992418] raid6: avx2x4   gen() 33902 MB/s
[   12.044288] raid6: avx2x4   xor() 20680 MB/s
[   12.049814] raid6: using algorithm avx2x4 gen() 33902 MB/s
[   12.066903] raid6: .... xor() 20680 MB/s, rmw enabled
[   12.092466] raid6: using avx2x2 recovery algorithm
[   12.120168] xor: automatically using best checksumming function   avx       
[   12.140608] async_tx: api initialized (async)
done.
Begin: Running /scripts/init-premount ... done.
Begin: Mounting[   12.188434] Btrfs loaded, crc32c=crc32c-intel
 root file system ... Begin: Running /scripts/local-top ... done.
Begin: Running /scripts/local-premount ... Scanning for Btrfs filesystems
done.
Warning: fsck not present, so skipping root file system
[   12.264984] EXT4-fs (sda1): INFO: recovery required on readonly filesystem
[   12.273564] EXT4-fs (sda1): write access will be enabled during recovery
[   12.440909] EXT4-fs (sda1): orphan cleanup on readonly fs
[   12.450735] EXT4-fs (sda1): 4 orphan inodes deleted
[   12.458010] EXT4-fs (sda1): recovery complete
[   12.473348] EXT4-fs (sda1): mounted filesystem with ordered data mode. Opts: (null)
done.
Begin: Running /scripts/local-bottom ... done.
Begin: Running /scripts/init-bottom ... done.
[   12.728014] ip_tables: (C) 2000-2006 Netfilter Core Team
[   12.739263] systemd[1]: systemd 237 running in system mode. (+PAM +AUDIT +SELINUX +IMA +APPARMOR +SMACK +SYSVINIT +UTMP +LIBCRYPTSETUP +GCRYPT +GNUTLS +ACL +XZ +LZ4 +SECCOMP +BLKID +ELFUTILS +KMOD -IDN2 +IDN -PCRE2 default-hierarchy=hybrid)
[   13.145341] systemd[1]: Detected virtualization oracle.
[   13.225191] systemd[1]: Detected architecture x86-64.

Welcome to [1mUbuntu 18.04.2 LTS[0m!

[   13.270210] systemd[1]: Set hostname to <ubuntu-bionic>.
[   13.671009] systemd[1]: Set up automount Arbitrary Executable File Formats File System Automount Point.
[[0;32m  OK  [0m] Set up automount Arbitrary Executab…rmats File System Automount Point.
[   13.733337] systemd[1]: Reached target Swap.
[[0;32m  OK  [0m] Reached target Swap.
[   13.849195] systemd[1]: Started Forward Password Requests to Wall Directory Watch.
[[0;32m  OK  [0m] Started Forward Password Requests to Wall Directory Watch.
[   13.908512] systemd[1]: Reached target System Time Synchronized.
[[0;32m  OK  [0m] Reached target System Time Synchronized.
[   13.915068] systemd[1]: Created slice User and Session Slice.
[[0;32m  OK  [0m] Created slice User and Session Slice.
[   14.017393] systemd[1]: Created slice System Slice.
[[0;32m  OK  [0m] Created slice System Slice.
[[0;32m  OK  [0m] Listening on /dev/initctl Compatibility Named Pipe.
[[0;32m  OK  [0m] Listening on Journal Socket (/dev/log).
[[0;32m  OK  [0m] Listening on udev Kernel Socket.
[[0;32m  OK  [0m] Listening on udev Control Socket.
[[0;32m  OK  [0m] Listening on Journal Audit Socket.
[[0;32m  OK  [0m] Listening on Network Service Netlink Socket.
[[0;32m  OK  [0m] Listening on LVM2 metadata daemon socket.
[[0;32m  OK  [0m] Listening on Device-mapper event daemon FIFOs.
[[0;32m  OK  [0m] Reached target Slices.
[[0;32m  OK  [0m] Listening on Syslog Socket.
[[0;32m  OK  [0m] Created slice system-serial\x2dgetty.slice.
[[0;32m  OK  [0m] Listening on Journal Socket.
         Starting udev Coldplug all Devices...
         Starting Remount Root and Kernel File Systems...
         Starting Load Kernel Modules...
         Starting Uncomplicated firewall...
         Mounting Kernel Debug File System...
         Starting Create list of required st…ce nodes for the current kernel...
         Starting Journal[   14.455404] Loading iSCSI transport class v2.0-870.
 Service...
[[0;32m  OK  [0m] Listening on LVM2 poll daemon socket.
         Starting Set the console keyboard layout...
         Mounting Huge Pages File System...
         Starting Monitoring of LVM2 mirrors…ng dmeventd or progress polling...
[[0;32m  OK  [0m] [   14.495417] iscsi: registered transport (tcp)
Reached target User and Group Name Lookups.
         Mounting POSIX Message Queue File System...
[[0;32m  OK  [0m] Started Uncomplicated firewall.
[[0;32m  OK  [0m] Mounted Kernel Debug File System.[   14.522281] EXT4-fs (sda1): re-mounted. Opts: (null)

[[0;32m  OK  [0m] Started Create list of required sta…vice nodes for the current kernel.
[[0;32m  OK  [0m] Started Remount Root and Kernel File Systems.
[[0;32m  OK  [0m] Mounted Huge Pages File System.
[[0;32m  OK  [0m] Mounted POSIX Message Queue File System.
         Starting Load/Save Random Seed...
         Starting Create Static Device Nodes in /dev...
[   14.627544] iscsi: registered transport (iser)
[[0;32m  OK  [0m] Started Journal Service.
[[0;32m  OK  [0m] Started Load Kernel Modules.
[   14.648463] random: crng init done
[   14.656395] random: 7 urandom warning(s) missed due to ratelimiting
[[0;32m  OK  [0m] Started udev Coldplug all Devices.
[[0;32m  OK  [0m] Started Load/Save Random Seed.
[[0;32m  OK  [0m] Started Create Static Device Nodes in /dev.
[[0;32m  OK  [0m] Started LVM2 metadata daemon.
         Starting udev Kernel Device Manager...
         Mounting FUSE Control File System...
         Starting Apply Kernel Variables...
         Mounting Kernel Configuration File System...
         Starting Flush Journal to Persistent Storage...
[[0;32m  OK  [0m] Started udev Kernel Device Manager.
[[0;32m  OK  [0m] Started Set the console keyboard layout.
[[0;32m  OK  [0m] Started Monitoring of LVM2 mirrors,…sing dmeventd or progress polling.
[[0;32m  OK  [0m] Mounted FUSE Control File System.
[[0;32m  OK  [0m] Started Apply Kernel Variables.
[[0;32m  OK  [0m] Mounted Kernel Configuration File System.
[[0;32m  OK  [0m] Reached target Local File Systems (Pre).
[[0;32m  OK  [0m] Reached target Local File Systems.
         Starting Tell Plymouth To Write Out Runtime Data...
         Starting AppArmor initialization...
         Starting ebtables ruleset management...
         Starting Set console font and keymap...
[[0;32m  OK  [0m] Started Dispatch Password Requests to Console Directory Watch.
[[0;32m  OK  [0m] Reached target Local Encrypted Volumes.
[[0;32m  OK  [0m] Started Flush Journal to Persistent Storage.
[[0;32m  OK  [0m] Started Tell Plymouth To Write Out Runtime Data.
[[0;32m  OK  [0m] Started Set console font and keymap.
         Starting Create Volatile Files and Directories...
[[0;32m  OK  [0m] Started Create Volatile Files and Directories.
[[0;32m  OK  [0m] Found device /dev/ttyS0.
[[0;32m  OK  [0m] Started ebtables ruleset management.
         Starting Update UTMP about System Boot/Shutdown...
[[0;32m  OK  [0m] Started Update UTMP about System Boot/Shutdown.
[[0;32m  OK  [0m] Listening on Load/Save RF Kill Switch Status /dev/rfkill Watch.
[[0;32m  OK  [0m] Started AppArmor initialization.
         Starting Initial cloud-init job (pre-networking)...
[   16.956685] cloud-init[524]: Cloud-init v. 19.1-1-gbaa47854-0ubuntu1~18.04.1 running 'init-local' at Thu, 11 Jul 2019 10:54:59 +0000. Up 16.69 seconds.
[[0;32m  OK  [0m] Started Initial cloud-init job (pre-networking).
[[0;32m  OK  [0m] Reached target Network (Pre).
         Starting Network Service...
[[0;32m  OK  [0m] Started Network Service.
         Starting Network Name Resolution...
         Starting Wait for Network to be Configured...
[[0;32m  OK  [0m] Started Network Name Resolution.
[[0;32m  OK  [0m] Reached target Host and Network Name Lookups.
[[0;32m  OK  [0m] Reached target Network.
[[0;32m  OK  [0m] Started Wait for Network to be Configured.
         Starting Initial cloud-init job (metadata service crawler)...
[   19.617236] cloud-init[695]: Cloud-init v. 19.1-1-gbaa47854-0ubuntu1~18.04.1 running 'init' at Thu, 11 Jul 2019 10:55:02 +0000. Up 19.47 seconds.
[   19.624138] cloud-init[695]: ci-info: ++++++++++++++++++++++++++++++++++++++Net device info+++++++++++++++++++++++++++++++++++++++
[   19.656721] cloud-init[695]: ci-info: +--------+------+-----------------------------+---------------+--------+-------------------+
[   19.688638] cloud-init[695]: ci-info: | Device |  Up  |           Address           |      Mask     | Scope  |     Hw-Address    |
[   19.736620] cloud-init[695]: ci-info: +--------+------+-----------------------------+---------------+--------+-------------------+
[   19.749352] cloud-init[695]: ci-info: | enp0s3 | True |          10.0.2.15          | 255.255.255.0 | global | 02:26:45:5c:bc:af |
[   19.755407] cloud-init[695]: ci-info: | enp0s3 | True |  fe80::26:45ff:fe5c:bcaf/64 |       .       |  link  | 02:26:45:5c:bc:af |
[   19.760587] cloud-init[695]: ci-info: | enp0s8 | True |        192.168.33.10        | 255.255.255.0 | global | 08:00:27:40:65:d3 |
[   19.768230] cloud-init[695]: ci-info: | enp0s8 | True | fe80::a00:27ff:fe40:65d3/64 |       .       |  link  | 08:00:27:40:65:d3 |
[   19.771858] cloud-init[695]: ci-info: |   lo   | True |          127.0.0.1          |   255.0.0.0   |  host  |         .         |
[   19.786596] cloud-init[695]: ci-info: |   lo   | True |           ::1/128           |       .       |  host  |         .         |
[   19.816436] cloud-init[695]: ci-info: +--------+------+-----------------------------+---------------+--------+-------------------+
[[   19.919410] cloud-init[695]: ci-info: +++++++++++++++++++++++++++++Route IPv4 info+++++++++++++++++++++++++++++
[   19.919609] cloud-init[695]: ci-info: +-------+--------------+----------+-----------------+-----------+-------+
[   19.919680] cloud-init[695]: ci-info: | Route | Destination  | Gateway  |     Genmask     | Interface | Flags |
[   19.921158] cloud-init[695]: ci-info: +-------+--------------+----------+-----------------+-----------+-------+
[   19.921817] cloud-init[695]: ci-info: |   0   |   0.0.0.0    | 10.0.2.2 |     0.0.0.0     |   enp0s3  |   UG  |
[   19.922642] cloud-init[695]: ci-info: |   1   |   10.0.2.0   | 0.0.0.0  |  255.255.255.0  |   enp0s3  |   U   |
[   19.923277] cloud-init[0;32m  OK  [0m] Started Initial cloud-init job (metadata service crawler).
[[0;32m  OK  [0m] Reached target System Initialization.
[[0;32m  OK  [0m] Listening on UUID daemon activation socket.
[695]: ci-info: |   2   |   10.0.2.2   | 0.0.0.0  | 255.255.255.255 |   enp0s3  |   UH  |
[[0;32m  OK  [0m] Started Daily apt download activities.
[[0;32m  OK  [0m] Listening on Open-iSCSI iscsid Socket.
[   19.998385] cloud-init[695]: ci-info: |   3   | 192.168.33.0 | 0.0.0.0  |  255.255.255.0  |   enp0s8  |   U   |
[   20.091240] cloud-init[695]: ci-info: +-------+--------------+----------+-----------------+-----------+-------+
[[0;32m  OK  [0m] Started ACPI Events Check.
[[0;32m  OK  [0m] Started Daily apt upgrade and clean activities.
[[0;32m  OK  [0m] Started Daily Cleanup of Temporary Directories.
[   20.099019] cloud-init[695]: ci-info: +++++++++++++++++++Route IPv6 info+++++++++++++++++++
[   20.110142] cloud-init[695]: ci-info: +-------+-------------+---------+-----------+-------+
[[0;32m  OK  [0m] Started Discard unused blocks once a week.
[[0;32m  OK  [0m] Started Message of the Day.
[   20.118764] cloud-init[695]: ci-info: | Route | Destination | Gateway | Interface | Flags |
[   20.134061] cloud-init[695]: ci-info: +-------+-------------+---------+-----------+-------+
[[0;32m  OK  [0m] Listening on D-Bus System Message Bus Socket.
[[0;32m  OK  [0m] Reached target Paths.
[[0;32m  OK  [0m] Reached target Timers.
[   20.141146] cloud-init[695]: ci-info: |   1   |  fe80::/64  |    ::   |   enp0s8  |   U   |
[   20.159422] cloud-init[695]: ci-info: |   2   |  fe80::/64  |    ::   |   enp0s3  |   U   |
         Starting LXD - unix socket.
[   20.178658] cloud-init[695]: ci-info: |   4   |    local    |    ::   |   enp0s3  |   U   |
         Starting Socket activation for snappy daemon.
[[0;32m  OK  [0m] Listening on ACPID Listen Socket.
[[0;32m  OK  [0m] Reached target Network is Online.
[   20.224786] cloud-init[[0;32m  OK  [0m] Reached target Remote File Systems (Pre).
[[0;32m  OK  [0m] Reached target Remote File Systems.
[695]: ci-info: |   5   |    local    |    ::   |   enp0s8  |   U   |
         Starting Availability of block devices...
[[0;32m  OK  [0m] Reached target Cloud-config availability.
[   20.339599] [[0;32m  OK  [0m] Listening on LXD - unix socket.
[[0;32m  OK  [0m] Listening on Socket activation for snappy daemon.
[[0;32m  OK  [0m] Started Availability of block devices.
[[0;32m  OK  [0m] Reached target Sockets.
[[0;32m  OK  [0m] Reached target Basic System.
cloud-init[695]: ci-info: |   6   |   ff00::/8  |    ::   |   enp0s8  |   U   |
[[0;32m  OK  [0m] Started Regular background program processing daemon.
[   20.354084] cloud-init[695]: ci-info: |   7   |   ff00::/8  |    ::   |   enp0s3  |   U   |         Starting Dispatcher daemon for systemd-networkd...

         Starting vboxadd.service...
[   20.362666] cloud-init[695]: ci-info: +-------+-------------+---------+-----------+-------+
[[0;32m  OK  [0m] Started irqbalance daemon.
         Starting Login Service...
         Starting LSB: Record successful boot for GRUB...
         Starting Permit User Sessions...
[[0;32m  OK  [0m] Started Deferred execution scheduler.
[[0;32m  OK  [0m] Started FUSE filesystem for LXC.
         Starting Snappy daemon...
[[0;32m  OK  [0m] Started D-Bus System Message Bus.
         Starting Accounts Service...
         Starting OpenBSD Secure Shell server...
         Starting System Logging Service...
         Starting LSB: automatic crash report generation...
         Starting LXD - container startup/shutdown...
[[0;32m  OK  [0m] Started Permit User Sessions.
[[0;32m  OK  [0m] Started Login Service.
[[0;32m  OK  [0m] Started System Logging Service.
[[0;32m  OK  [0m] Started Snappy daemon.
[[0;32m  OK  [0m] Started Dispatcher daemon for systemd-networkd.
         Starting Wait until snapd is fully seeded...
         Starting Authorization Manager...
[[0;32m  OK  [0m] Started Unattended Upgrades Shutdown.
         Starting Terminate Plymouth Boot Screen...
         Starting Hold until boot process finishes up...
[[0;32m  OK  [0m] Started Hold until boot process finishes up.
[[0;32m  OK  [0m] Started Serial Getty on ttyS0.
         Starting Set console scheme...
[[0;32m  OK  [0m] Started Terminate Plymouth Boot Screen.
[[0;32m  OK  [0m] Started OpenBSD Secure Shell server.
[[0;32m  OK  [0m] Started Set console scheme.
[[0;32m  OK  [0m] Started LSB: Record successful boot for GRUB.
[[0;32m  OK  [0m] Created slice system-getty.slice.
[[0;32m  OK  [0m] Started Getty on tty1.
[[0;32m  OK  [0m] Reached target Login Prompts.
[[0;32m  OK  [0m] Started Authorization Manager.
[[0;32m  OK  [0m] Started Accounts Service.
[[0;32m  OK  [0m] Started LSB: automatic crash report generation.
[[0;32m  OK  [0m] Started Wait until snapd is fully seeded.
         Starting Apply the settings specified in cloud-config...
[[0;32m  OK  [0m] Started LXD - container startup/shutdown.
[[0;32m  OK  [0m] Started vboxadd.service.
         Starting vboxadd-service.service...
[[0;32m  OK  [0m] Started vboxadd-service.service.
[[0;32m  OK  [0m] Reached target Multi-User System.
[[0;32m  OK  [0m] Reached target Graphical Interface.
         Starting Update UTMP about System Runlevel Changes...
[[0;32m  OK  [0m] Started Update UTMP about System Runlevel Changes.
[   21.799939] cloud-init[999]: Cloud-init v. 19.1-1-gbaa47854-0ubuntu1~18.04.1 running 'modules:config' at Thu, 11 Jul 2019 10:55:04 +0000. Up 21.69 seconds.
[[0;32m  OK  [0m] Started Apply the settings specified in cloud-config.
         Starting Execute cloud user/final scripts...
[[0;32m  OK  [0m] Created slice User Slice of vagrant.
         Starting User Manager for UID 1000...
[[0;32m  OK  [0m] Started Session 1 of user vagrant.
[[0;32m  OK  [0m] Started User Manager for UID 1000.
[   22.641507] cloud-init[1129]: Cloud-init v. 19.1-1-gbaa47854-0ubuntu1~18.04.1 running 'modules:final' at Thu, 11 Jul 2019 10:55:05 +0000. Up 22.50 seconds.
[   22.649144] cloud-init[1129]: Cloud-init v. 19.1-1-gbaa47854-0ubuntu1~18.04.1 finished at Thu, 11 Jul 2019 10:55:05 +0000. Datasource DataSourceNoCloud [seed=/dev/sdb][dsmode=net].  Up 22.63 seconds
[[0;32m  OK  [0m] Started Execute cloud user/final scripts.
[[0;32m  OK  [0m] Reached target Cloud-init target.

Ubuntu 18.04.2 LTS ubuntu-bionic ttyS0

ubuntu-bionic login: 